SELECT * FROM pglogical_regress_variables()
\gset
\c :provider_dsn
SELECT * FROM pglogical.drop_node(node_name := 'test_provider');
ERROR:  cannot drop node "test_provider" because replication slot "pgl_postgres_test_provider_test_sube55bf37" on the node is still active
HINT:  drop the subscriptions first
SELECT plugin, slot_type, active FROM pg_replication_slots;
      plugin      | slot_type | active 
------------------+-----------+--------
 pglogical_output | logical   | t
(1 row)

SELECT count(*) FROM pg_stat_replication;
 count 
-------
     1
(1 row)

\c :subscriber_dsn
SELECT * FROM pglogical.drop_subscription('test_subscription');
 drop_subscription 
-------------------
                 1
(1 row)

SELECT * FROM pglogical.drop_node(node_name := 'test_subscriber');
 drop_node 
-----------
 t
(1 row)

\c :provider_dsn
SELECT * FROM pglogical.drop_node(node_name := 'test_provider');
 drop_node 
-----------
 t
(1 row)

SELECT plugin, slot_type, active FROM pg_replication_slots;
 plugin | slot_type | active 
--------+-----------+--------
(0 rows)

SELECT count(*) FROM pg_stat_replication;
 count 
-------
     0
(1 row)

